2026-02-28 16:57:16,028 [manager] INFO: AccountManager initialized with 2 account(s)
2026-02-28 16:57:51,989 [manager] INFO: AccountManager initialized with 1 account(s)
2026-02-28 16:57:54,847 [dhuniwaalebaba] INFO: Fresh login…
2026-02-28 16:57:54,848 [instagrapi] INFO: https://i.instagram.com/api/v1/launcher/sync/
2026-02-28 16:57:55,410 [private_request] INFO: dhuniwaalebaba [200] POST https://i.instagram.com/api/v1/launcher/sync/ (385.0.0.47.74, OnePlus 6T Dev)
2026-02-28 16:57:57,292 [instagrapi] INFO: https://i.instagram.com/api/v1/accounts/login/
2026-02-28 16:58:01,222 [private_request] INFO: dhuniwaalebaba [200] POST https://i.instagram.com/api/v1/accounts/login/ (385.0.0.47.74, OnePlus 6T Dev)
2026-02-28 16:58:02,224 [instagrapi] INFO: https://i.instagram.com/api/v1/feed/reels_tray/
2026-02-28 16:58:03,168 [private_request] INFO: dhuniwaalebaba [200] POST https://i.instagram.com/api/v1/feed/reels_tray/ (385.0.0.47.74, OnePlus 6T Dev)
2026-02-28 16:58:04,170 [instagrapi] INFO: https://i.instagram.com/api/v1/feed/timeline/
2026-02-28 16:58:06,370 [private_request] INFO: dhuniwaalebaba [200] POST https://i.instagram.com/api/v1/feed/timeline/ (385.0.0.47.74, OnePlus 6T Dev)
2026-02-28 16:58:06,375 [dhuniwaalebaba] INFO: ✅ Logged in
2026-02-28 16:58:48,212 [human.dhuniwaalebaba] INFO: 📜 Scrolling feed (10 posts, engage=True)
2026-02-28 16:58:49,213 [instagrapi] INFO: https://i.instagram.com/api/v1/feed/timeline/
2026-02-28 16:58:51,104 [private_request] INFO: dhuniwaalebaba [200] POST https://i.instagram.com/api/v1/feed/timeline/ (385.0.0.47.74, OnePlus 6T Dev)
2026-02-28 16:59:09,122 [instagrapi] INFO: https://i.instagram.com/api/v1/media/3841743731591161342/like/
2026-02-28 16:59:09,831 [private_request] INFO: dhuniwaalebaba [200] POST https://i.instagram.com/api/v1/media/3841743731591161342/like/ (385.0.0.47.74, OnePlus 6T Dev)
2026-02-28 16:59:37,738 [instagrapi] INFO: https://i.instagram.com/api/v1/media/3838091656315483035/like/
2026-02-28 16:59:38,711 [private_request] INFO: dhuniwaalebaba [200] POST https://i.instagram.com/api/v1/media/3838091656315483035/like/ (385.0.0.47.74, OnePlus 6T Dev)
2026-02-28 16:59:39,841 [human.dhuniwaalebaba] INFO: ☕ Taking a 4.7min break (fatigue: 1%)
2026-02-28 17:03:12,711 [manager] INFO: AccountManager initialized with 1 account(s)
2026-02-28 17:03:17,268 [dhuniwaalebaba] INFO: Loading saved session…
2026-02-28 17:03:17,269 [dhuniwaalebaba] INFO: ✅ Logged in
2026-02-28 17:04:32,394 [instagrapi] ERROR: HTTPSConnectionPool(host='www.instagram.com', port=443): Max retries exceeded with url: /api/v1/users/web_profile_info/?username=sober.mann (Caused by ResponseError('too many 429 error responses'))
urllib3.exceptions.ResponseError: too many 429 error responses

The above exception was the direct cause of the following exception:

Traceback (most recent call last):
  File "E:\InstaAuto\.venv\Lib\site-packages\requests\adapters.py", line 644, in send
    resp = conn.urlopen(
           ^^^^^^^^^^^^^
  File "E:\InstaAuto\.venv\Lib\site-packages\urllib3\connectionpool.py", line 942, in urlopen
    return self.urlopen(
           ^^^^^^^^^^^^^
  File "E:\InstaAuto\.venv\Lib\site-packages\urllib3\connectionpool.py", line 942, in urlopen
    return self.urlopen(
           ^^^^^^^^^^^^^
  File "E:\InstaAuto\.venv\Lib\site-packages\urllib3\connectionpool.py", line 942, in urlopen
    return self.urlopen(
           ^^^^^^^^^^^^^
  File "E:\InstaAuto\.venv\Lib\site-packages\urllib3\connectionpool.py", line 932, in urlopen
    retries = retries.increment(method, url, response=response, _pool=self)
              ^^^^^^^^^^^^^^^^^^^^^^^^^^^^^^^^^^^^^^^^^^^^^^^^^^^^^^^^^^^^^
  File "E:\InstaAuto\.venv\Lib\site-packages\urllib3\util\retry.py", line 535, in increment
    raise MaxRetryError(_pool, url, reason) from reason  # type: ignore[arg-type]
    ^^^^^^^^^^^^^^^^^^^^^^^^^^^^^^^^^^^^^^^^^^^^^^^^^^^
urllib3.exceptions.MaxRetryError: HTTPSConnectionPool(host='www.instagram.com', port=443): Max retries exceeded with url: /api/v1/users/web_profile_info/?username=sober.mann (Caused by ResponseError('too many 429 error responses'))

During handling of the above exception, another exception occurred:

Traceback (most recent call last):
  File "E:\InstaAuto\.venv\Lib\site-packages\instagrapi\mixins\user.py", line 227, in user_info_by_username
    user = self.user_info_by_username_gql(username)
           ^^^^^^^^^^^^^^^^^^^^^^^^^^^^^^^^^^^^^^^^
  File "E:\InstaAuto\.venv\Lib\site-packages\instagrapi\mixins\user.py", line 173, in user_info_by_username_gql
    self.public_request(
  File "E:\InstaAuto\.venv\Lib\site-packages\instagrapi\mixins\public.py", line 100, in public_request
    return self._send_public_request(url, update_headers=update_headers, **kwargs)
           ^^^^^^^^^^^^^^^^^^^^^^^^^^^^^^^^^^^^^^^^^^^^^^^^^^^^^^^^^^^^^^^^^^^^^^^
  File "E:\InstaAuto\.venv\Lib\site-packages\instagrapi\mixins\public.py", line 149, in _send_public_request
    response = self.public.get(
               ^^^^^^^^^^^^^^^^
  File "E:\InstaAuto\.venv\Lib\site-packages\requests\sessions.py", line 602, in get
    return self.request("GET", url, **kwargs)
           ^^^^^^^^^^^^^^^^^^^^^^^^^^^^^^^^^^
  File "E:\InstaAuto\.venv\Lib\site-packages\requests\sessions.py", line 589, in request
    resp = self.send(prep, **send_kwargs)
           ^^^^^^^^^^^^^^^^^^^^^^^^^^^^^^
  File "E:\InstaAuto\.venv\Lib\site-packages\requests\sessions.py", line 703, in send
    r = adapter.send(request, **kwargs)
        ^^^^^^^^^^^^^^^^^^^^^^^^^^^^^^^
  File "E:\InstaAuto\.venv\Lib\site-packages\requests\adapters.py", line 668, in send
    raise RetryError(e, request=request)
requests.exceptions.RetryError: HTTPSConnectionPool(host='www.instagram.com', port=443): Max retries exceeded with url: /api/v1/users/web_profile_info/?username=sober.mann (Caused by ResponseError('too many 429 error responses'))
2026-02-28 17:04:33,400 [instagrapi] INFO: https://i.instagram.com/api/v1/users/sober.mann/usernameinfo/
2026-02-28 17:04:35,575 [private_request] INFO: dhuniwaalebaba [200] GET https://i.instagram.com/api/v1/users/sober.mann/usernameinfo/ (385.0.0.47.74, OnePlus 6T Dev)
2026-02-28 17:04:43,951 [instagrapi] INFO: https://i.instagram.com/api/v1/direct_v2/threads/broadcast/text/
2026-02-28 17:04:46,747 [private_request] INFO: dhuniwaalebaba [200] POST https://i.instagram.com/api/v1/direct_v2/threads/broadcast/text/ (385.0.0.47.74, OnePlus 6T Dev)
2026-02-28 17:04:46,748 [dhuniwaalebaba] INFO: 📨 DM → @sober.mann: 'Hey baby'
2026-02-28 18:53:02,337 [manager] INFO: AccountManager initialized with 1 account(s)
2026-02-28 18:53:32,810 [instagrapi] INFO: https://i.instagram.com/api/v1/feed/timeline/
2026-02-28 18:53:36,586 [private_request] INFO: dhuniwaalebaba [200] POST https://i.instagram.com/api/v1/feed/timeline/ (385.0.0.47.74, OnePlus 6T Dev)
2026-02-28 18:53:53,565 [instagrapi] INFO: https://i.instagram.com/api/v1/media/3829524137568525153/like/
2026-02-28 18:53:54,475 [private_request] INFO: dhuniwaalebaba [200] POST https://i.instagram.com/api/v1/media/3829524137568525153/like/ (385.0.0.47.74, OnePlus 6T Dev)
2026-02-28 19:00:46,472 [instagrapi] INFO: https://i.instagram.com/api/v1/media/3839534064709188698/like/
2026-02-28 19:00:47,877 [private_request] INFO: dhuniwaalebaba [200] POST https://i.instagram.com/api/v1/media/3839534064709188698/like/ (385.0.0.47.74, OnePlus 6T Dev)
2026-02-28 19:01:53,209 [instagrapi] ERROR: HTTPSConnectionPool(host='www.instagram.com', port=443): Max retries exceeded with url: /api/v1/users/web_profile_info/?username=sober.mann (Caused by ResponseError('too many 429 error responses'))
urllib3.exceptions.ResponseError: too many 429 error responses

The above exception was the direct cause of the following exception:

Traceback (most recent call last):
  File "E:\InstaAuto\.venv\Lib\site-packages\requests\adapters.py", line 644, in send
    resp = conn.urlopen(
           ^^^^^^^^^^^^^
  File "E:\InstaAuto\.venv\Lib\site-packages\urllib3\connectionpool.py", line 942, in urlopen
    return self.urlopen(
           ^^^^^^^^^^^^^
  File "E:\InstaAuto\.venv\Lib\site-packages\urllib3\connectionpool.py", line 942, in urlopen
    return self.urlopen(
           ^^^^^^^^^^^^^
  File "E:\InstaAuto\.venv\Lib\site-packages\urllib3\connectionpool.py", line 942, in urlopen
    return self.urlopen(
           ^^^^^^^^^^^^^
  File "E:\InstaAuto\.venv\Lib\site-packages\urllib3\connectionpool.py", line 932, in urlopen
    retries = retries.increment(method, url, response=response, _pool=self)
              ^^^^^^^^^^^^^^^^^^^^^^^^^^^^^^^^^^^^^^^^^^^^^^^^^^^^^^^^^^^^^
  File "E:\InstaAuto\.venv\Lib\site-packages\urllib3\util\retry.py", line 535, in increment
    raise MaxRetryError(_pool, url, reason) from reason  # type: ignore[arg-type]
    ^^^^^^^^^^^^^^^^^^^^^^^^^^^^^^^^^^^^^^^^^^^^^^^^^^^
urllib3.exceptions.MaxRetryError: HTTPSConnectionPool(host='www.instagram.com', port=443): Max retries exceeded with url: /api/v1/users/web_profile_info/?username=sober.mann (Caused by ResponseError('too many 429 error responses'))

During handling of the above exception, another exception occurred:

Traceback (most recent call last):
  File "E:\InstaAuto\.venv\Lib\site-packages\instagrapi\mixins\user.py", line 227, in user_info_by_username
    user = self.user_info_by_username_gql(username)
           ^^^^^^^^^^^^^^^^^^^^^^^^^^^^^^^^^^^^^^^^
  File "E:\InstaAuto\.venv\Lib\site-packages\instagrapi\mixins\user.py", line 173, in user_info_by_username_gql
    self.public_request(
  File "E:\InstaAuto\.venv\Lib\site-packages\instagrapi\mixins\public.py", line 100, in public_request
    return self._send_public_request(url, update_headers=update_headers, **kwargs)
           ^^^^^^^^^^^^^^^^^^^^^^^^^^^^^^^^^^^^^^^^^^^^^^^^^^^^^^^^^^^^^^^^^^^^^^^
  File "E:\InstaAuto\.venv\Lib\site-packages\instagrapi\mixins\public.py", line 149, in _send_public_request
    response = self.public.get(
               ^^^^^^^^^^^^^^^^
  File "E:\InstaAuto\.venv\Lib\site-packages\requests\sessions.py", line 602, in get
    return self.request("GET", url, **kwargs)
           ^^^^^^^^^^^^^^^^^^^^^^^^^^^^^^^^^^
  File "E:\InstaAuto\.venv\Lib\site-packages\requests\sessions.py", line 589, in request
    resp = self.send(prep, **send_kwargs)
           ^^^^^^^^^^^^^^^^^^^^^^^^^^^^^^
  File "E:\InstaAuto\.venv\Lib\site-packages\requests\sessions.py", line 703, in send
    r = adapter.send(request, **kwargs)
        ^^^^^^^^^^^^^^^^^^^^^^^^^^^^^^^
  File "E:\InstaAuto\.venv\Lib\site-packages\requests\adapters.py", line 668, in send
    raise RetryError(e, request=request)
requests.exceptions.RetryError: HTTPSConnectionPool(host='www.instagram.com', port=443): Max retries exceeded with url: /api/v1/users/web_profile_info/?username=sober.mann (Caused by ResponseError('too many 429 error responses'))
2026-02-28 19:01:54,214 [instagrapi] INFO: https://i.instagram.com/api/v1/users/sober.mann/usernameinfo/
2026-02-28 19:01:56,337 [private_request] INFO: dhuniwaalebaba [200] GET https://i.instagram.com/api/v1/users/sober.mann/usernameinfo/ (385.0.0.47.74, OnePlus 6T Dev)
2026-02-28 19:02:09,378 [instagrapi] INFO: user_medias_gql: 9, None
2026-02-28 19:02:10,755 [public_request] INFO: [None] [400] GET https://www.instagram.com/graphql/query/?variables=%7B%22id%22%3A66695682451%2C%22first%22%3A9%2C%22after%22%3Anull%7D&query_hash=e7e2f4da4b02303f74f0841279e52d76
2026-02-28 19:02:11,762 [instagrapi] INFO: https://i.instagram.com/api/v1/feed/user/66695682451/
2026-02-28 19:02:14,171 [private_request] INFO: dhuniwaalebaba [200] GET https://i.instagram.com/api/v1/feed/user/66695682451/?max_id=&count=9&rank_token=80110695942_d57146e8-8665-4b1f-ac18-4254496c8ff0&ranked_content=true (385.0.0.47.74, OnePlus 6T Dev)
2026-02-28 19:02:27,840 [instagrapi] INFO: https://i.instagram.com/api/v1/media/3816533137011047318/like/
2026-02-28 19:02:28,641 [private_request] INFO: dhuniwaalebaba [200] POST https://i.instagram.com/api/v1/media/3816533137011047318/like/ (385.0.0.47.74, OnePlus 6T Dev)
2026-02-28 19:02:35,945 [instagrapi] INFO: https://i.instagram.com/api/v1/media/3815800972065407515/like/
2026-02-28 19:02:36,834 [private_request] INFO: dhuniwaalebaba [200] POST https://i.instagram.com/api/v1/media/3815800972065407515/like/ (385.0.0.47.74, OnePlus 6T Dev)
2026-02-28 19:02:58,112 [instagrapi] INFO: user_medias_gql: 1, None
2026-02-28 19:02:59,465 [public_request] INFO: [None] [400] GET https://www.instagram.com/graphql/query/?variables=%7B%22id%22%3A66695682451%2C%22first%22%3A1%2C%22after%22%3Anull%7D&query_hash=e7e2f4da4b02303f74f0841279e52d76
2026-02-28 19:03:00,467 [instagrapi] INFO: https://i.instagram.com/api/v1/feed/user/66695682451/
2026-02-28 19:03:00,998 [private_request] INFO: dhuniwaalebaba [200] GET https://i.instagram.com/api/v1/feed/user/66695682451/?max_id=&count=1&rank_token=80110695942_d57146e8-8665-4b1f-ac18-4254496c8ff0&ranked_content=true (385.0.0.47.74, OnePlus 6T Dev)
2026-02-28 19:03:22,938 [instagrapi] INFO: https://i.instagram.com/api/v1/media/3820156005712189026/info/
2026-02-28 19:03:23,532 [private_request] INFO: dhuniwaalebaba [200] GET https://i.instagram.com/api/v1/media/3820156005712189026/info/ (385.0.0.47.74, OnePlus 6T Dev)
2026-02-28 19:03:24,536 [instagrapi] INFO: https://i.instagram.com/api/v1/media/3820156005712189026_66695682451/comment/
2026-02-28 19:03:26,393 [private_request] INFO: dhuniwaalebaba [200] POST https://i.instagram.com/api/v1/media/3820156005712189026_66695682451/comment/ (385.0.0.47.74, OnePlus 6T Dev)
2026-02-28 19:06:04,402 [public_request] INFO: [None] [404] GET https://www.instagram.com/explore/tags/cow/?__a=1&__d=dis
2026-02-28 19:06:05,407 [instagrapi] INFO: https://i.instagram.com/api/v1/tags/cow/sections/
2026-02-28 19:06:09,260 [private_request] INFO: dhuniwaalebaba [200] POST https://i.instagram.com/api/v1/tags/cow/sections/ (385.0.0.47.74, OnePlus 6T Dev)
2026-02-28 19:07:03,328 [instagrapi] ERROR: HTTPSConnectionPool(host='www.instagram.com', port=443): Max retries exceeded with url: /api/v1/users/web_profile_info/?username=dhuniwaalebaba (Caused by ResponseError('too many 429 error responses'))
urllib3.exceptions.ResponseError: too many 429 error responses

The above exception was the direct cause of the following exception:

Traceback (most recent call last):
  File "E:\InstaAuto\.venv\Lib\site-packages\requests\adapters.py", line 644, in send
    resp = conn.urlopen(
           ^^^^^^^^^^^^^
  File "E:\InstaAuto\.venv\Lib\site-packages\urllib3\connectionpool.py", line 942, in urlopen
    return self.urlopen(
           ^^^^^^^^^^^^^
  File "E:\InstaAuto\.venv\Lib\site-packages\urllib3\connectionpool.py", line 942, in urlopen
    return self.urlopen(
           ^^^^^^^^^^^^^
  File "E:\InstaAuto\.venv\Lib\site-packages\urllib3\connectionpool.py", line 942, in urlopen
    return self.urlopen(
           ^^^^^^^^^^^^^
  File "E:\InstaAuto\.venv\Lib\site-packages\urllib3\connectionpool.py", line 932, in urlopen
    retries = retries.increment(method, url, response=response, _pool=self)
              ^^^^^^^^^^^^^^^^^^^^^^^^^^^^^^^^^^^^^^^^^^^^^^^^^^^^^^^^^^^^^
  File "E:\InstaAuto\.venv\Lib\site-packages\urllib3\util\retry.py", line 535, in increment
    raise MaxRetryError(_pool, url, reason) from reason  # type: ignore[arg-type]
    ^^^^^^^^^^^^^^^^^^^^^^^^^^^^^^^^^^^^^^^^^^^^^^^^^^^
urllib3.exceptions.MaxRetryError: HTTPSConnectionPool(host='www.instagram.com', port=443): Max retries exceeded with url: /api/v1/users/web_profile_info/?username=dhuniwaalebaba (Caused by ResponseError('too many 429 error responses'))

During handling of the above exception, another exception occurred:

Traceback (most recent call last):
  File "E:\InstaAuto\.venv\Lib\site-packages\instagrapi\mixins\user.py", line 227, in user_info_by_username
    user = self.user_info_by_username_gql(username)
           ^^^^^^^^^^^^^^^^^^^^^^^^^^^^^^^^^^^^^^^^
  File "E:\InstaAuto\.venv\Lib\site-packages\instagrapi\mixins\user.py", line 173, in user_info_by_username_gql
    self.public_request(
  File "E:\InstaAuto\.venv\Lib\site-packages\instagrapi\mixins\public.py", line 100, in public_request
    return self._send_public_request(url, update_headers=update_headers, **kwargs)
           ^^^^^^^^^^^^^^^^^^^^^^^^^^^^^^^^^^^^^^^^^^^^^^^^^^^^^^^^^^^^^^^^^^^^^^^
  File "E:\InstaAuto\.venv\Lib\site-packages\instagrapi\mixins\public.py", line 149, in _send_public_request
    response = self.public.get(
               ^^^^^^^^^^^^^^^^
  File "E:\InstaAuto\.venv\Lib\site-packages\requests\sessions.py", line 602, in get
    return self.request("GET", url, **kwargs)
           ^^^^^^^^^^^^^^^^^^^^^^^^^^^^^^^^^^
  File "E:\InstaAuto\.venv\Lib\site-packages\requests\sessions.py", line 589, in request
    resp = self.send(prep, **send_kwargs)
           ^^^^^^^^^^^^^^^^^^^^^^^^^^^^^^
  File "E:\InstaAuto\.venv\Lib\site-packages\requests\sessions.py", line 703, in send
    r = adapter.send(request, **kwargs)
        ^^^^^^^^^^^^^^^^^^^^^^^^^^^^^^^
  File "E:\InstaAuto\.venv\Lib\site-packages\requests\adapters.py", line 668, in send
    raise RetryError(e, request=request)
requests.exceptions.RetryError: HTTPSConnectionPool(host='www.instagram.com', port=443): Max retries exceeded with url: /api/v1/users/web_profile_info/?username=dhuniwaalebaba (Caused by ResponseError('too many 429 error responses'))
2026-02-28 19:07:04,334 [instagrapi] INFO: https://i.instagram.com/api/v1/users/dhuniwaalebaba/usernameinfo/
2026-02-28 19:07:05,025 [private_request] INFO: dhuniwaalebaba [200] GET https://i.instagram.com/api/v1/users/dhuniwaalebaba/usernameinfo/ (385.0.0.47.74, OnePlus 6T Dev)
2026-02-28 19:10:30,219 [instagrapi] INFO: https://i.instagram.com/api/v1/direct_v2/threads/broadcast/text/
2026-02-28 19:10:32,597 [private_request] INFO: dhuniwaalebaba [200] POST https://i.instagram.com/api/v1/direct_v2/threads/broadcast/text/ (385.0.0.47.74, OnePlus 6T Dev)
2026-02-28 19:11:15,402 [manager] INFO: ▶️  Running task: like_hashtag ...
2026-02-28 19:11:17,413 [public_request] INFO: [None] [404] GET https://www.instagram.com/explore/tags/photography/?__a=1&__d=dis
2026-02-28 19:11:18,417 [instagrapi] INFO: https://i.instagram.com/api/v1/tags/photography/sections/
2026-02-28 19:11:22,182 [private_request] INFO: dhuniwaalebaba [200] POST https://i.instagram.com/api/v1/tags/photography/sections/ (385.0.0.47.74, OnePlus 6T Dev)
2026-02-28 19:11:29,251 [instagrapi] INFO: https://i.instagram.com/api/v1/media/3842206994380565845/like/
2026-02-28 19:11:30,043 [private_request] INFO: dhuniwaalebaba [200] POST https://i.instagram.com/api/v1/media/3842206994380565845/like/ (385.0.0.47.74, OnePlus 6T Dev)
2026-02-28 19:11:39,338 [instagrapi] INFO: https://i.instagram.com/api/v1/media/3841929076776400047/like/
2026-02-28 19:11:40,181 [private_request] INFO: dhuniwaalebaba [200] POST https://i.instagram.com/api/v1/media/3841929076776400047/like/ (385.0.0.47.74, OnePlus 6T Dev)
2026-02-28 19:19:57,689 [instagrapi] INFO: https://i.instagram.com/api/v1/media/3842357866497943877/like/
2026-02-28 19:19:58,778 [private_request] INFO: dhuniwaalebaba [200] POST https://i.instagram.com/api/v1/media/3842357866497943877/like/ (385.0.0.47.74, OnePlus 6T Dev)
2026-02-28 19:20:07,760 [instagrapi] INFO: https://i.instagram.com/api/v1/media/3842433818455761074/like/
2026-02-28 19:20:08,614 [private_request] INFO: dhuniwaalebaba [200] POST https://i.instagram.com/api/v1/media/3842433818455761074/like/ (385.0.0.47.74, OnePlus 6T Dev)
2026-02-28 19:20:18,685 [instagrapi] INFO: https://i.instagram.com/api/v1/media/3841663069395756721/like/
2026-02-28 19:20:19,568 [private_request] INFO: dhuniwaalebaba [200] POST https://i.instagram.com/api/v1/media/3841663069395756721/like/ (385.0.0.47.74, OnePlus 6T Dev)
2026-02-28 19:20:28,372 [instagrapi] INFO: https://i.instagram.com/api/v1/media/3842250555624260447/like/
2026-02-28 19:20:28,978 [private_request] INFO: dhuniwaalebaba [200] POST https://i.instagram.com/api/v1/media/3842250555624260447/like/ (385.0.0.47.74, OnePlus 6T Dev)
2026-02-28 19:20:39,409 [instagrapi] INFO: https://i.instagram.com/api/v1/media/3842465836465100908/like/
2026-02-28 19:20:40,154 [private_request] INFO: dhuniwaalebaba [200] POST https://i.instagram.com/api/v1/media/3842465836465100908/like/ (385.0.0.47.74, OnePlus 6T Dev)
2026-02-28 19:20:50,166 [instagrapi] INFO: https://i.instagram.com/api/v1/media/3842419475564801051/like/
2026-02-28 19:20:50,904 [private_request] INFO: dhuniwaalebaba [200] POST https://i.instagram.com/api/v1/media/3842419475564801051/like/ (385.0.0.47.74, OnePlus 6T Dev)
2026-02-28 19:22:41,396 [manager] INFO: AccountManager initialized with 1 account(s)
2026-02-28 19:24:08,622 [instagrapi] ERROR: HTTPSConnectionPool(host='www.instagram.com', port=443): Max retries exceeded with url: /api/v1/users/web_profile_info/?username=brainrot.headquarter (Caused by ResponseError('too many 429 error responses'))
urllib3.exceptions.ResponseError: too many 429 error responses

The above exception was the direct cause of the following exception:

Traceback (most recent call last):
  File "E:\InstaAuto\.venv\Lib\site-packages\requests\adapters.py", line 644, in send
    resp = conn.urlopen(
           ^^^^^^^^^^^^^
  File "E:\InstaAuto\.venv\Lib\site-packages\urllib3\connectionpool.py", line 942, in urlopen
    return self.urlopen(
           ^^^^^^^^^^^^^
  File "E:\InstaAuto\.venv\Lib\site-packages\urllib3\connectionpool.py", line 942, in urlopen
    return self.urlopen(
           ^^^^^^^^^^^^^
  File "E:\InstaAuto\.venv\Lib\site-packages\urllib3\connectionpool.py", line 942, in urlopen
    return self.urlopen(
           ^^^^^^^^^^^^^
  File "E:\InstaAuto\.venv\Lib\site-packages\urllib3\connectionpool.py", line 932, in urlopen
    retries = retries.increment(method, url, response=response, _pool=self)
              ^^^^^^^^^^^^^^^^^^^^^^^^^^^^^^^^^^^^^^^^^^^^^^^^^^^^^^^^^^^^^
  File "E:\InstaAuto\.venv\Lib\site-packages\urllib3\util\retry.py", line 535, in increment
    raise MaxRetryError(_pool, url, reason) from reason  # type: ignore[arg-type]
    ^^^^^^^^^^^^^^^^^^^^^^^^^^^^^^^^^^^^^^^^^^^^^^^^^^^
urllib3.exceptions.MaxRetryError: HTTPSConnectionPool(host='www.instagram.com', port=443): Max retries exceeded with url: /api/v1/users/web_profile_info/?username=brainrot.headquarter (Caused by ResponseError('too many 429 error responses'))

During handling of the above exception, another exception occurred:

Traceback (most recent call last):
  File "E:\InstaAuto\.venv\Lib\site-packages\instagrapi\mixins\user.py", line 227, in user_info_by_username
    user = self.user_info_by_username_gql(username)
           ^^^^^^^^^^^^^^^^^^^^^^^^^^^^^^^^^^^^^^^^
  File "E:\InstaAuto\.venv\Lib\site-packages\instagrapi\mixins\user.py", line 173, in user_info_by_username_gql
    self.public_request(
  File "E:\InstaAuto\.venv\Lib\site-packages\instagrapi\mixins\public.py", line 100, in public_request
    return self._send_public_request(url, update_headers=update_headers, **kwargs)
           ^^^^^^^^^^^^^^^^^^^^^^^^^^^^^^^^^^^^^^^^^^^^^^^^^^^^^^^^^^^^^^^^^^^^^^^
  File "E:\InstaAuto\.venv\Lib\site-packages\instagrapi\mixins\public.py", line 149, in _send_public_request
    response = self.public.get(
               ^^^^^^^^^^^^^^^^
  File "E:\InstaAuto\.venv\Lib\site-packages\requests\sessions.py", line 602, in get
    return self.request("GET", url, **kwargs)
           ^^^^^^^^^^^^^^^^^^^^^^^^^^^^^^^^^^
  File "E:\InstaAuto\.venv\Lib\site-packages\requests\sessions.py", line 589, in request
    resp = self.send(prep, **send_kwargs)
           ^^^^^^^^^^^^^^^^^^^^^^^^^^^^^^
  File "E:\InstaAuto\.venv\Lib\site-packages\requests\sessions.py", line 703, in send
    r = adapter.send(request, **kwargs)
        ^^^^^^^^^^^^^^^^^^^^^^^^^^^^^^^
  File "E:\InstaAuto\.venv\Lib\site-packages\requests\adapters.py", line 668, in send
    raise RetryError(e, request=request)
requests.exceptions.RetryError: HTTPSConnectionPool(host='www.instagram.com', port=443): Max retries exceeded with url: /api/v1/users/web_profile_info/?username=brainrot.headquarter (Caused by ResponseError('too many 429 error responses'))
2026-02-28 19:24:09,635 [instagrapi] INFO: https://i.instagram.com/api/v1/users/brainrot.headquarter/usernameinfo/
2026-02-28 19:24:11,408 [private_request] INFO: dhuniwaalebaba [200] GET https://i.instagram.com/api/v1/users/brainrot.headquarter/usernameinfo/ (385.0.0.47.74, OnePlus 6T Dev)
2026-02-28 19:24:19,448 [instagrapi] INFO: https://i.instagram.com/api/v1/direct_v2/threads/broadcast/text/
2026-02-28 19:24:23,799 [private_request] INFO: dhuniwaalebaba [200] POST https://i.instagram.com/api/v1/direct_v2/threads/broadcast/text/ (385.0.0.47.74, OnePlus 6T Dev)
2026-02-28 19:26:41,069 [scheduler] INFO: 📅 Scheduled 'watch_feed_stories' at 08:30
2026-02-28 19:26:41,069 [scheduler] INFO: 📅 Scheduled 'like_hashtag' every 120m
2026-02-28 19:26:41,069 [scheduler] INFO: 📅 Scheduled 'auto_reply_dms' every 45m
2026-02-28 19:26:41,069 [scheduler] INFO: 📅 Scheduled 'unfollow_non_followers' at 22:30
2026-02-28 19:26:41,069 [scheduler] INFO: 🚀 Scheduler started
2026-02-28 19:26:46,681 [scheduler] INFO: 🛑 Scheduler stopped
2026-02-28 19:26:52,333  [manager]  INFO  AccountManager initialized with 1 account(s)
2026-02-28 19:27:03,465  [instagrapi]  INFO  https://i.instagram.com/api/v1/feed/timeline/
2026-02-28 19:27:05,807  [private_request]  INFO  dhuniwaalebaba [200] POST https://i.instagram.com/api/v1/feed/timeline/ (385.0.0.47.74, OnePlus 6T Dev)
2026-02-28 19:27:55,880  [instagrapi]  INFO  https://i.instagram.com/api/v1/feed/timeline/
2026-02-28 19:27:57,966  [private_request]  INFO  dhuniwaalebaba [200] POST https://i.instagram.com/api/v1/feed/timeline/ (385.0.0.47.74, OnePlus 6T Dev)
2026-02-28 19:28:05,884  [instagrapi]  INFO  https://i.instagram.com/api/v1/media/3841057355895893380/like/
2026-02-28 19:28:06,636  [private_request]  INFO  dhuniwaalebaba [200] POST https://i.instagram.com/api/v1/media/3841057355895893380/like/ (385.0.0.47.74, OnePlus 6T Dev)
2026-02-28 19:28:14,559  [instagrapi]  INFO  https://i.instagram.com/api/v1/media/3830682769915908763/like/
2026-02-28 19:28:15,334  [private_request]  INFO  dhuniwaalebaba [200] POST https://i.instagram.com/api/v1/media/3830682769915908763/like/ (385.0.0.47.74, OnePlus 6T Dev)
